
optiboot_atmega328.elf:     file format elf32-avr

Sections:
Idx Name          Size      VMA       LMA       File off  Algn
  0 .data         00000000  00800100  00007fa8  0000023c  2**0
                  CONTENTS, ALLOC, LOAD, DATA
  1 .text         000001a8  00007e00  00007e00  00000094  2**1
                  CONTENTS, ALLOC, LOAD, READONLY, CODE
  2 .version      00000002  00007ffe  00007ffe  0000023c  2**0
                  CONTENTS, ALLOC, LOAD, READONLY, DATA
  3 .comment      00000011  00000000  00000000  0000023e  2**0
                  CONTENTS, READONLY
  4 .debug_aranges 00000028  00000000  00000000  0000024f  2**0
                  CONTENTS, READONLY, DEBUGGING
  5 .debug_info   0000054a  00000000  00000000  00000277  2**0
                  CONTENTS, READONLY, DEBUGGING
  6 .debug_abbrev 0000024b  00000000  00000000  000007c1  2**0
                  CONTENTS, READONLY, DEBUGGING
  7 .debug_line   000002e5  00000000  00000000  00000a0c  2**0
                  CONTENTS, READONLY, DEBUGGING
  8 .debug_frame  00000094  00000000  00000000  00000cf4  2**2
                  CONTENTS, READONLY, DEBUGGING
  9 .debug_str    000001d7  00000000  00000000  00000d88  2**0
                  CONTENTS, READONLY, DEBUGGING
 10 .debug_loc    00000383  00000000  00000000  00000f5f  2**0
                  CONTENTS, READONLY, DEBUGGING
 11 .debug_ranges 00000078  00000000  00000000  000012e2  2**0
                  CONTENTS, READONLY, DEBUGGING

Disassembly of section .text:

00007e00 <main>:
#define appstart_vec (0)
#endif // VIRTUAL_BOOT_PARTITION


/* main program starts here */
int main(void) {
    7e00:	1f 92       	push	r1
    7e02:	cd b7       	in	r28, 0x3d	; 61
    7e04:	de b7       	in	r29, 0x3e	; 62
  //  SP points to RAMEND
  //  r1 contains zero
  //
  // If not, uncomment the following instructions:
  // cli();
  asm volatile ("clr __zero_reg__");
    7e06:	11 24       	eor	r1, r1
   * modified Adaboot no-wait mod.
   * Pass the reset reason to app.  Also, it appears that an Uno poweron
   * can leave multiple reset flags set; we only want the bootloader to
   * run on an 'external reset only' status
   */
  ch = MCUSR;
    7e08:	84 b7       	in	r24, 0x34	; 52
  MCUSR = 0;
    7e0a:	14 be       	out	0x34, r1	; 52
  if (ch & (_BV(WDRF) | _BV(BORF) | _BV(PORF)))
    7e0c:	98 2f       	mov	r25, r24
    7e0e:	9d 70       	andi	r25, 0x0D	; 13
    7e10:	09 f0       	breq	.+2      	; 0x7e14 <main+0x14>
      appStart(ch);
    7e12:	c4 d0       	rcall	.+392    	; 0x7f9c <appStart>
  UCSRA = _BV(U2X); //Double speed mode USART
  UCSRB = _BV(RXEN) | _BV(TXEN);  // enable Rx & Tx
  UCSRC = _BV(URSEL) | _BV(UCSZ1) | _BV(UCSZ0);  // config USART; 8N1
  UBRRL = (uint8_t)( (F_CPU + BAUD_RATE * 4L) / (BAUD_RATE * 8L) - 1 );
#else
  UART_SRA = _BV(U2X0); //Double speed mode USART0
    7e14:	82 e0       	ldi	r24, 0x02	; 2
    7e16:	80 93 c0 00 	sts	0x00C0, r24
  UART_SRB = _BV(RXEN0) | _BV(TXEN0);
    7e1a:	88 e1       	ldi	r24, 0x18	; 24
    7e1c:	80 93 c1 00 	sts	0x00C1, r24
  UART_SRC = _BV(UCSZ00) | _BV(UCSZ01);
    7e20:	86 e0       	ldi	r24, 0x06	; 6
    7e22:	80 93 c2 00 	sts	0x00C2, r24
  UART_SRL = (uint8_t)( (F_CPU + BAUD_RATE * 4L) / (BAUD_RATE * 8L) - 1 );
    7e26:	80 e1       	ldi	r24, 0x10	; 16
    7e28:	80 93 c4 00 	sts	0x00C4, r24
#endif
#endif

  // Set up watchdog to trigger after 1s
  watchdogConfig(WATCHDOG_1S);
    7e2c:	8e e0       	ldi	r24, 0x0E	; 14
    7e2e:	a1 d0       	rcall	.+322    	; 0x7f72 <watchdogConfig>
   * Making these local and in registers prevents the need for initializing
   * them, and also saves space because code no longer stores to memory.
   * (initializing address keeps the compiler happy, but isn't really
   *  necessary, and uses 4 bytes of flash.)
   */
  register uint16_t address = 0;
    7e30:	81 2c       	mov	r8, r1
    7e32:	91 2c       	mov	r9, r1
	     * Start the page erase and wait for it to finish.  There
	     * used to be code to do this while receiving the data over
	     * the serial link, but the performance improvement was slight,
	     * and we needed the space back.
	     */
	    __boot_page_erase_short((uint16_t)(void*)address);
    7e34:	93 e0       	ldi	r25, 0x03	; 3
    7e36:	f9 2e       	mov	r15, r25
	     */
	    do {
		uint16_t a;
		a = *bufPtr++;
		a |= (*bufPtr++) << 8;
		__boot_page_fill_short((uint16_t)(void*)addrPtr,a);
    7e38:	ee 24       	eor	r14, r14
    7e3a:	e3 94       	inc	r14
	    } while (len -= 2);

	    /*
	     * Actually Write the buffer to flash (and wait for it to finish.)
	     */
	    __boot_page_write_short((uint16_t)(void*)address);
    7e3c:	25 e0       	ldi	r18, 0x05	; 5
    7e3e:	d2 2e       	mov	r13, r18
	    boot_spm_busy_wait();
#if defined(RWWSRE)
	    // Reenable read access to flash
	    boot_rww_enable();
    7e40:	31 e1       	ldi	r19, 0x11	; 17
    7e42:	c3 2e       	mov	r12, r19
#endif

  /* Forever loop: exits by causing WDT reset */
  for (;;) {
    /* get character from UART */
    ch = getch();
    7e44:	8a d0       	rcall	.+276    	; 0x7f5a <getch>

    if(ch == STK_GET_PARAMETER) {
    7e46:	81 34       	cpi	r24, 0x41	; 65
    7e48:	79 f4       	brne	.+30     	; 0x7e68 <main+0x68>
      unsigned char which = getch();
    7e4a:	87 d0       	rcall	.+270    	; 0x7f5a <getch>
      verifySpace();
    7e4c:	89 83       	std	Y+1, r24	; 0x01
    7e4e:	97 d0       	rcall	.+302    	; 0x7f7e <verifySpace>
      /*
       * Send optiboot version as "SW version"
       * Note that the references to memory are optimized away.
       */
      if (which == 0x82) {
    7e50:	89 81       	ldd	r24, Y+1	; 0x01
    7e52:	82 38       	cpi	r24, 0x82	; 130
    7e54:	11 f4       	brne	.+4      	; 0x7e5a <main+0x5a>
	  putch(optiboot_version & 0xFF);
    7e56:	82 e0       	ldi	r24, 0x02	; 2
    7e58:	05 c0       	rjmp	.+10     	; 0x7e64 <main+0x64>
      } else if (which == 0x81) {
    7e5a:	81 38       	cpi	r24, 0x81	; 129
    7e5c:	11 f4       	brne	.+4      	; 0x7e62 <main+0x62>
	  putch(optiboot_version >> 8);
    7e5e:	86 e0       	ldi	r24, 0x06	; 6
    7e60:	01 c0       	rjmp	.+2      	; 0x7e64 <main+0x64>
      } else {
	/*
	 * GET PARAMETER returns a generic 0x03 reply for
         * other parameters - enough to keep Avrdude happy
	 */
	putch(0x03);
    7e62:	83 e0       	ldi	r24, 0x03	; 3
    7e64:	73 d0       	rcall	.+230    	; 0x7f4c <putch>
    7e66:	6f c0       	rjmp	.+222    	; 0x7f46 <main+0x146>
      }
    }
    else if(ch == STK_SET_DEVICE) {
    7e68:	82 34       	cpi	r24, 0x42	; 66
    7e6a:	11 f4       	brne	.+4      	; 0x7e70 <main+0x70>
      // SET DEVICE is ignored
      getNch(20);
    7e6c:	84 e1       	ldi	r24, 0x14	; 20
    7e6e:	03 c0       	rjmp	.+6      	; 0x7e76 <main+0x76>
    }
    else if(ch == STK_SET_DEVICE_EXT) {
    7e70:	85 34       	cpi	r24, 0x45	; 69
    7e72:	19 f4       	brne	.+6      	; 0x7e7a <main+0x7a>
      // SET DEVICE EXT is ignored
      getNch(5);
    7e74:	85 e0       	ldi	r24, 0x05	; 5
    7e76:	8b d0       	rcall	.+278    	; 0x7f8e <getNch>
    7e78:	66 c0       	rjmp	.+204    	; 0x7f46 <main+0x146>
    }
    else if(ch == STK_LOAD_ADDRESS) {
    7e7a:	85 35       	cpi	r24, 0x55	; 85
    7e7c:	41 f4       	brne	.+16     	; 0x7e8e <main+0x8e>
      // LOAD ADDRESS
      uint16_t newAddress;
      newAddress = getch();
    7e7e:	6d d0       	rcall	.+218    	; 0x7f5a <getch>
    7e80:	88 2e       	mov	r8, r24
      newAddress = (newAddress & 0xff) | (getch() << 8);
    7e82:	6b d0       	rcall	.+214    	; 0x7f5a <getch>
    7e84:	91 2c       	mov	r9, r1
    7e86:	98 2a       	or	r9, r24
#ifdef RAMPZ
      // Transfer top bit to RAMPZ
      RAMPZ = (newAddress & 0x8000) ? 1 : 0;
#endif
      newAddress += newAddress; // Convert from word address to byte address
    7e88:	88 0c       	add	r8, r8
    7e8a:	99 1c       	adc	r9, r9
    7e8c:	5b c0       	rjmp	.+182    	; 0x7f44 <main+0x144>
      address = newAddress;
      verifySpace();
    }
    else if(ch == STK_UNIVERSAL) {
    7e8e:	86 35       	cpi	r24, 0x56	; 86
    7e90:	21 f4       	brne	.+8      	; 0x7e9a <main+0x9a>
      // UNIVERSAL command is ignored
      getNch(4);
    7e92:	84 e0       	ldi	r24, 0x04	; 4
    7e94:	7c d0       	rcall	.+248    	; 0x7f8e <getNch>
      putch(0x00);
    7e96:	80 e0       	ldi	r24, 0x00	; 0
    7e98:	e5 cf       	rjmp	.-54     	; 0x7e64 <main+0x64>
    }
    /* Write memory, length is big endian and is in bytes */
    else if(ch == STK_PROG_PAGE) {
    7e9a:	84 36       	cpi	r24, 0x64	; 100
    7e9c:	09 f0       	breq	.+2      	; 0x7ea0 <main+0xa0>
    7e9e:	36 c0       	rjmp	.+108    	; 0x7f0c <main+0x10c>
      // PROGRAM PAGE - we support flash programming only, not EEPROM
      uint8_t desttype;
      uint8_t *bufPtr;
      pagelen_t savelength;

      GETLENGTH(length);
    7ea0:	5c d0       	rcall	.+184    	; 0x7f5a <getch>
    7ea2:	5b d0       	rcall	.+182    	; 0x7f5a <getch>
    7ea4:	b8 2e       	mov	r11, r24
      savelength = length;
      desttype = getch();
    7ea6:	59 d0       	rcall	.+178    	; 0x7f5a <getch>
    7ea8:	a8 2e       	mov	r10, r24
    7eaa:	00 e0       	ldi	r16, 0x00	; 0
    7eac:	11 e0       	ldi	r17, 0x01	; 1

      // read a page worth of contents
      bufPtr = buff;
      do *bufPtr++ = getch();
    7eae:	55 d0       	rcall	.+170    	; 0x7f5a <getch>
    7eb0:	f8 01       	movw	r30, r16
    7eb2:	81 93       	st	Z+, r24
    7eb4:	8f 01       	movw	r16, r30
      while (--length);
    7eb6:	be 12       	cpse	r11, r30
    7eb8:	fa cf       	rjmp	.-12     	; 0x7eae <main+0xae>

      // Read command terminator, start reply
      verifySpace();
    7eba:	61 d0       	rcall	.+194    	; 0x7f7e <verifySpace>
 * void writebuffer(memtype, buffer, address, length)
 */
static inline void writebuffer(int8_t memtype, uint8_t *mybuff,
			       uint16_t address, pagelen_t len)
{
    switch (memtype) {
    7ebc:	f5 e4       	ldi	r31, 0x45	; 69
    7ebe:	af 12       	cpse	r10, r31
    7ec0:	01 c0       	rjmp	.+2      	; 0x7ec4 <main+0xc4>
    7ec2:	ff cf       	rjmp	.-2      	; 0x7ec2 <main+0xc2>
	     * Start the page erase and wait for it to finish.  There
	     * used to be code to do this while receiving the data over
	     * the serial link, but the performance improvement was slight,
	     * and we needed the space back.
	     */
	    __boot_page_erase_short((uint16_t)(void*)address);
    7ec4:	f4 01       	movw	r30, r8
    7ec6:	f7 be       	out	0x37, r15	; 55
    7ec8:	e8 95       	spm
	    boot_spm_busy_wait();
    7eca:	07 b6       	in	r0, 0x37	; 55
    7ecc:	00 fc       	sbrc	r0, 0
    7ece:	fd cf       	rjmp	.-6      	; 0x7eca <main+0xca>
    7ed0:	b4 01       	movw	r22, r8
    7ed2:	a0 e0       	ldi	r26, 0x00	; 0
    7ed4:	b1 e0       	ldi	r27, 0x01	; 1
	    /*
	     * Copy data from the buffer into the flash write buffer.
	     */
	    do {
		uint16_t a;
		a = *bufPtr++;
    7ed6:	2c 91       	ld	r18, X
    7ed8:	12 96       	adiw	r26, 0x02	; 2
    7eda:	ad 01       	movw	r20, r26
    7edc:	41 50       	subi	r20, 0x01	; 1
    7ede:	51 09       	sbc	r21, r1
		a |= (*bufPtr++) << 8;
    7ee0:	fa 01       	movw	r30, r20
    7ee2:	80 81       	ld	r24, Z
    7ee4:	30 e0       	ldi	r19, 0x00	; 0
    7ee6:	38 2b       	or	r19, r24
		__boot_page_fill_short((uint16_t)(void*)addrPtr,a);
    7ee8:	fb 01       	movw	r30, r22
    7eea:	09 01       	movw	r0, r18
    7eec:	e7 be       	out	0x37, r14	; 55
    7eee:	e8 95       	spm
    7ef0:	11 24       	eor	r1, r1
		addrPtr += 2;
    7ef2:	6e 5f       	subi	r22, 0xFE	; 254
    7ef4:	7f 4f       	sbci	r23, 0xFF	; 255
	    } while (len -= 2);
    7ef6:	ba 12       	cpse	r11, r26
    7ef8:	ee cf       	rjmp	.-36     	; 0x7ed6 <main+0xd6>

	    /*
	     * Actually Write the buffer to flash (and wait for it to finish.)
	     */
	    __boot_page_write_short((uint16_t)(void*)address);
    7efa:	f4 01       	movw	r30, r8
    7efc:	d7 be       	out	0x37, r13	; 55
    7efe:	e8 95       	spm
	    boot_spm_busy_wait();
    7f00:	07 b6       	in	r0, 0x37	; 55
    7f02:	00 fc       	sbrc	r0, 0
    7f04:	fd cf       	rjmp	.-6      	; 0x7f00 <main+0x100>
#if defined(RWWSRE)
	    // Reenable read access to flash
	    boot_rww_enable();
    7f06:	c7 be       	out	0x37, r12	; 55
    7f08:	e8 95       	spm
    7f0a:	1d c0       	rjmp	.+58     	; 0x7f46 <main+0x146>
      writebuffer(desttype, buff, address, savelength);


    }
    /* Read memory block mode, length is big endian.  */
    else if(ch == STK_READ_PAGE) {
    7f0c:	84 37       	cpi	r24, 0x74	; 116
    7f0e:	69 f4       	brne	.+26     	; 0x7f2a <main+0x12a>
      uint8_t desttype;
      GETLENGTH(length);
    7f10:	24 d0       	rcall	.+72     	; 0x7f5a <getch>
    7f12:	23 d0       	rcall	.+70     	; 0x7f5a <getch>
    7f14:	b8 2e       	mov	r11, r24

      desttype = getch();
    7f16:	21 d0       	rcall	.+66     	; 0x7f5a <getch>

      verifySpace();
    7f18:	32 d0       	rcall	.+100    	; 0x7f7e <verifySpace>
    7f1a:	84 01       	movw	r16, r8
	    __asm__ ("elpm %0,Z+\n" : "=r" (ch), "=z" (address): "1" (address));
#else
	    // read a Flash byte and increment the address
	    __asm__ ("lpm %0,Z+\n" : "=r" (ch), "=z" (address): "1" (address));
#endif
	    putch(ch);
    7f1c:	f8 01       	movw	r30, r16
    7f1e:	85 91       	lpm	r24, Z+
    7f20:	8f 01       	movw	r16, r30
    7f22:	14 d0       	rcall	.+40     	; 0x7f4c <putch>
	} while (--length);
    7f24:	ba 94       	dec	r11
    7f26:	d1 f7       	brne	.-12     	; 0x7f1c <main+0x11c>
    7f28:	0e c0       	rjmp	.+28     	; 0x7f46 <main+0x146>

      read_mem(desttype, address, length);
    }

    /* Get device signature bytes  */
    else if(ch == STK_READ_SIGN) {
    7f2a:	85 37       	cpi	r24, 0x75	; 117
    7f2c:	39 f4       	brne	.+14     	; 0x7f3c <main+0x13c>
      // READ SIGN - return what Avrdude wants to hear
      verifySpace();
    7f2e:	27 d0       	rcall	.+78     	; 0x7f7e <verifySpace>
      putch(SIGNATURE_0);
    7f30:	8e e1       	ldi	r24, 0x1E	; 30
    7f32:	0c d0       	rcall	.+24     	; 0x7f4c <putch>
      putch(SIGNATURE_1);
    7f34:	85 e9       	ldi	r24, 0x95	; 149
    7f36:	0a d0       	rcall	.+20     	; 0x7f4c <putch>
      putch(SIGNATURE_2);
    7f38:	8f e0       	ldi	r24, 0x0F	; 15
    7f3a:	94 cf       	rjmp	.-216    	; 0x7e64 <main+0x64>
    }
    else if (ch == STK_LEAVE_PROGMODE) { /* 'Q' */
    7f3c:	81 35       	cpi	r24, 0x51	; 81
    7f3e:	11 f4       	brne	.+4      	; 0x7f44 <main+0x144>
      // Adaboot no-wait mod
      watchdogConfig(WATCHDOG_16MS);
    7f40:	88 e0       	ldi	r24, 0x08	; 8
    7f42:	17 d0       	rcall	.+46     	; 0x7f72 <watchdogConfig>
      verifySpace();
    }
    else {
      // This covers the response to commands like STK_ENTER_PROGMODE
      verifySpace();
    7f44:	1c d0       	rcall	.+56     	; 0x7f7e <verifySpace>
    }
    putch(STK_OK);
    7f46:	80 e1       	ldi	r24, 0x10	; 16
    7f48:	01 d0       	rcall	.+2      	; 0x7f4c <putch>
  }
    7f4a:	7c cf       	rjmp	.-264    	; 0x7e44 <main+0x44>

00007f4c <putch>:
}

void putch(char ch) {
#ifndef SOFT_UART
  while (!(UART_SRA & _BV(UDRE0)));
    7f4c:	90 91 c0 00 	lds	r25, 0x00C0
    7f50:	95 ff       	sbrs	r25, 5
    7f52:	fc cf       	rjmp	.-8      	; 0x7f4c <putch>
  UART_UDR = ch;
    7f54:	80 93 c6 00 	sts	0x00C6, r24
    7f58:	08 95       	ret

00007f5a <getch>:
      [uartBit] "I" (UART_RX_BIT)
    :
      "r25"
);
#else
  while(!(UART_SRA & _BV(RXC0)))
    7f5a:	80 91 c0 00 	lds	r24, 0x00C0
    7f5e:	87 ff       	sbrs	r24, 7
    7f60:	fc cf       	rjmp	.-8      	; 0x7f5a <getch>
    ;
  if (!(UART_SRA & _BV(FE0))) {
    7f62:	80 91 c0 00 	lds	r24, 0x00C0
    7f66:	84 fd       	sbrc	r24, 4
    7f68:	01 c0       	rjmp	.+2      	; 0x7f6c <getch+0x12>
}
#endif

// Watchdog functions. These are only safe with interrupts turned off.
void watchdogReset() {
  __asm__ __volatile__ (
    7f6a:	a8 95       	wdr
       * don't care that an invalid char is returned...)
       */
    watchdogReset();
  }

  ch = UART_UDR;
    7f6c:	80 91 c6 00 	lds	r24, 0x00C6
  LED_PIN |= _BV(LED);
#endif
#endif

  return ch;
}
    7f70:	08 95       	ret

00007f72 <watchdogConfig>:
    "wdr\n"
  );
}

void watchdogConfig(uint8_t x) {
  WDTCSR = _BV(WDCE) | _BV(WDE);
    7f72:	e0 e6       	ldi	r30, 0x60	; 96
    7f74:	f0 e0       	ldi	r31, 0x00	; 0
    7f76:	98 e1       	ldi	r25, 0x18	; 24
    7f78:	90 83       	st	Z, r25
  WDTCSR = x;
    7f7a:	80 83       	st	Z, r24
    7f7c:	08 95       	ret

00007f7e <verifySpace>:
  do getch(); while (--count);
  verifySpace();
}

void verifySpace() {
  if (getch() != CRC_EOP) {
    7f7e:	ed df       	rcall	.-38     	; 0x7f5a <getch>
    7f80:	80 32       	cpi	r24, 0x20	; 32
    7f82:	19 f0       	breq	.+6      	; 0x7f8a <verifySpace+0xc>
    watchdogConfig(WATCHDOG_16MS);    // shorten WD timeout
    7f84:	88 e0       	ldi	r24, 0x08	; 8
    7f86:	f5 df       	rcall	.-22     	; 0x7f72 <watchdogConfig>
    7f88:	ff cf       	rjmp	.-2      	; 0x7f88 <verifySpace+0xa>
    while (1)			      // and busy-loop so that WD causes
      ;				      //  a reset and app start.
  }
  putch(STK_INSYNC);
    7f8a:	84 e1       	ldi	r24, 0x14	; 20
    7f8c:	df cf       	rjmp	.-66     	; 0x7f4c <putch>

00007f8e <getNch>:
    ::[count] "M" (UART_B_VALUE)
  );
}
#endif

void getNch(uint8_t count) {
    7f8e:	cf 93       	push	r28
    7f90:	c8 2f       	mov	r28, r24
  do getch(); while (--count);
    7f92:	e3 df       	rcall	.-58     	; 0x7f5a <getch>
    7f94:	c1 50       	subi	r28, 0x01	; 1
    7f96:	e9 f7       	brne	.-6      	; 0x7f92 <getNch+0x4>
  verifySpace();
}
    7f98:	cf 91       	pop	r28
}
#endif

void getNch(uint8_t count) {
  do getch(); while (--count);
  verifySpace();
    7f9a:	f1 cf       	rjmp	.-30     	; 0x7f7e <verifySpace>

00007f9c <appStart>:

void appStart(uint8_t rstFlags) {
  // save the reset flags in the designated register
  //  This can be saved in a main program by putting code in .init0 (which
  //  executes before normal c init code) to save R2 to a global variable.
  __asm__ __volatile__ ("mov r2, %0\n" :: "r" (rstFlags));
    7f9c:	28 2e       	mov	r2, r24

  watchdogConfig(WATCHDOG_OFF);
    7f9e:	80 e0       	ldi	r24, 0x00	; 0
    7fa0:	e8 df       	rcall	.-48     	; 0x7f72 <watchdogConfig>
  // Note that appstart_vec is defined so that this works with either
  // real or virtual boot partitions.
  __asm__ __volatile__ (
    7fa2:	e0 e0       	ldi	r30, 0x00	; 0
    7fa4:	ff 27       	eor	r31, r31
    7fa6:	09 94       	ijmp
